#p: 4
#p: 4
#p: 4
#p: 4
#p: 8
#p: 8
#p: 8
#p: 8
#p: 8
#p: 8
#p: 8
#p: 8
#p: 16
#p: 16
#p: 16
#p: 16
#p: 16
#p: 16
#p: 16
#p: 16
#p: 16
#p: 16
#p: 16
#p: 16
#p: 16
#p: 16
#p: 16
#p: 16
#p: 32
#p: 32
#p: 32
#p: 32
#p: 32
#p: 32
#p: 32
#p: 32
#p: 32
#p: 32
#p: 32
#p: 32
#p: 32
#p: 32
#p: 32
#p: 32
#p: 32
#p: 32
#p: 32
#p: 32
#p: 32
#p: 32
#p: 32
#p: 32
#p: 32
#p: 32
#p: 32
#p: 32
#p: 32
#p: 32
#p: 32
#p: 32
#p: 64
#p: 64
#p: 64
#p: 64
#p: 64
#p: 64
#p: 64
#p: 64
#p: 64
#p: 64
#p: 64
#p: 64
#p: 64
#p: 64
#p: 64
#p: 64
#p: 64
#p: 64
#p: 64
#p: 64
#p: 64
#p: 64
#p: 64
#p: 64
#p: 64
#p: 64
#p: 64
#p: 64
#p: 64
#p: 64
#p: 64
#p: 64
#p: 64
#p: 64
#p: 64
#p: 64
#p: 64
#p: 64
#p: 64
#p: 64
#p: 64
#p: 64
#p: 64
#p: 64
#p: 64
#p: 64
#p: 64
#p: 64
#p: 64
#p: 64
#p: 64
#p: 64
#p: 64
#p: 64
#p: 64
#p: 64
#p: 64
#p: 64
#p: 64
#p: 64
#p: 64
#p: 64
#p: 64
#p: 64
#p: 128
#p: 128
#p: 128
#p: 128
#p: 128
#p: 128
#p: 128
#p: 128
#p: 128
#p: 128
#p: 128
#p: 128
#p: 128
#p: 128
#p: 128
#p: 128
#p: 128
#p: 128
#p: 128
#p: 128
#p: 128
#p: 128
#p: 128
#p: 128
#p: 128
#p: 128
#p: 128
#p: 128
#p: 128
#p: 128
#p: 128
#p: 128
#p: 128
#p: 128
#p: 128
#p: 128
#p: 128
#p: 128
#p: 128
#p: 128
#p: 128
#p: 128
#p: 128
#p: 128
#p: 128
#p: 128
#p: 128
#p: 128
#p: 128
#p: 128
#p: 128
#p: 128
#p: 128
#p: 128
#p: 128
#p: 128
#p: 128
#p: 128
#p: 128
#p: 128
#p: 128
#p: 128
#p: 128
#p: 128
#p: 128
#p: 128
#p: 128
#p: 128
#p: 128
#p: 128
#p: 128
#p: 128
#p: 128
#p: 128
#p: 128
#p: 128
#p: 128
#p: 128
#p: 128
#p: 128
#p: 128
#p: 128
#p: 128
#p: 128
#p: 128
#p: 128
#p: 128
#p: 128
#p: 128
#p: 128
#p: 128
#p: 128
#p: 128
#p: 128
#p: 128
#p: 128
#p: 128
#p: 128
#p: 128
#p: 128
#p: 128
#p: 128
#p: 128
#p: 128
#p: 128
#p: 128
#p: 128
#p: 128
#p: 128
#p: 128
#p: 128
#p: 128
#p: 128
#p: 128
#p: 128
#p: 128
#p: 128
#p: 128
#p: 128
#p: 128
#p: 128
#p: 128
#p: 128
#p: 128
#p: 128
#p: 128
#p: 128
#p: 128
